
Log for 'C:\Users\mzeigha\AppData\Local\Temp\tmpeys6n01m.pyomo.lp' Clone_1 (V12.10.0.0) Wed Oct 21 00:25:05 2020

Tried aggregator 1 time.
LP Presolve eliminated 65006 rows and 46645 columns.
Aggregator did 42 substitutions.
Reduced LP has 6437 rows, 11638 columns, and 37636 nonzeros.
Presolve time = 0.09 sec. (62.37 ticks)
Parallel mode: using up to 6 threads for barrier.
Number of nonzeros in lower triangle of A*A' = 19207
Using Approximate Minimum Degree ordering
Total time for automatic ordering = 0.02 sec. (2.88 ticks)
Summary statistics for Cholesky factor:
  Threads                   = 6
  Rows in Factor            = 6437
  Integer space required    = 14382
  Total non-zeros in factor = 49685
  Total FP ops to factor    = 698793
 Itn      Primal Obj        Dual Obj  Prim Inf Upper Inf  Dual Inf Inf Ratio
   0   2.5702254e+09  -1.0457781e+09  9.32e+07  4.41e+07  2.03e+06  1.00e+00
   1   2.4665578e+08  -3.8399825e+08  1.20e+07  5.68e+06  6.13e+05  6.47e-05
   2   1.6929724e+08  -9.7563904e+07  7.78e+06  3.68e+06  1.86e+05  1.17e-04
   3   8.0224827e+07  -9.5078379e+06  2.83e+06  1.34e+06  5.68e+04  1.57e-04
   4   4.8595283e+07   1.7684395e+07  9.53e+05  4.51e+05  2.01e+04  4.92e-04
   5   3.8398191e+07   2.8765508e+07  3.20e+05  1.51e+05  5.78e+03  1.78e-03
   6   3.4512528e+07   3.1990353e+07  7.04e+04  3.33e+04  1.77e+03  6.99e-03
   7   3.3990134e+07   3.2763015e+07  3.51e+04  1.66e+04  8.48e+02  1.52e-02
   8   3.3942329e+07   3.2916061e+07  3.23e+04  1.53e+04  6.42e+02  2.00e-02
   9   3.3842950e+07   3.3090602e+07  2.62e+04  1.24e+04  4.18e+02  3.12e-02
  10   3.3765190e+07   3.3144852e+07  2.17e+04  1.03e+04  3.41e+02  3.87e-02
  11   3.3758035e+07   3.3157227e+07  2.14e+04  1.01e+04  3.17e+02  4.17e-02
  12   3.3682448e+07   3.3239572e+07  1.69e+04  7.98e+03  2.10e+02  6.44e-02
  13   3.3661635e+07   3.3256560e+07  1.57e+04  7.42e+03  1.85e+02  7.33e-02
Barrier time = 0.13 sec. (49.31 ticks)

Dual simplex solved model.

